[2025-11-24 21:18:23] [INFO] [GET_COMPLETED_TOURNAMENTS] Fetching completed tournaments for user ID: 17
[2025-11-24 21:18:23] [INFO] [GET_COMPLETED_TOURNAMENTS] Found 0 completed tournaments for user: 17
[2025-11-24 21:23:23] [INFO] [GET_COMPLETED_TOURNAMENTS] Fetching completed tournaments for user ID: 17
[2025-11-24 21:23:23] [INFO] [GET_COMPLETED_TOURNAMENTS] Found 0 completed tournaments for user: 17
[2025-11-24 21:28:23] [INFO] [GET_COMPLETED_TOURNAMENTS] Fetching completed tournaments for user ID: 17
[2025-11-24 21:28:23] [INFO] [GET_COMPLETED_TOURNAMENTS] Found 0 completed tournaments for user: 17
[2025-11-24 21:33:23] [INFO] [GET_COMPLETED_TOURNAMENTS] Fetching completed tournaments for user ID: 17
[2025-11-24 21:33:23] [INFO] [GET_COMPLETED_TOURNAMENTS] Found 0 completed tournaments for user: 17
[2025-11-24 21:35:21] [INFO] [GET_COMPLETED_TOURNAMENTS] Fetching completed tournaments for user ID: 17
[2025-11-24 21:35:21] [INFO] [GET_COMPLETED_TOURNAMENTS] Found 0 completed tournaments for user: 17
[2025-11-24 21:37:12] [INFO] [GET_TOURNAMENT_RESULTS] Getting results for tournament ID: 105
[2025-11-24 21:37:12] [INFO] [GET_TOURNAMENT_RESULTS] Tournament found: Дневной забег
[2025-11-24 21:37:12] [INFO] [GET_TOURNAMENT_RESULTS] Using pre-calculated results from tournament_results table
[2025-11-24 21:37:12] [ERROR] [GET_TOURNAMENT_RESULTS] Database error: SQLSTATE[42S22]: Column not found: 1054 Unknown column 'tr.games_played' in 'field list'
[2025-11-24 21:37:12] [INFO] [GET_TOURNAMENT_RESULTS] Getting results for tournament ID: 106
[2025-11-24 21:37:12] [INFO] [GET_TOURNAMENT_RESULTS] Tournament found: А у Вас какая система?
[2025-11-24 21:37:12] [INFO] [GET_TOURNAMENT_RESULTS] Using pre-calculated results from tournament_results table
[2025-11-24 21:37:12] [ERROR] [GET_TOURNAMENT_RESULTS] Database error: SQLSTATE[42S22]: Column not found: 1054 Unknown column 'tr.games_played' in 'field list'
[2025-11-24 21:40:22] [INFO] [GET_COMPLETED_TOURNAMENTS] Fetching completed tournaments for user ID: 17
[2025-11-24 21:40:22] [INFO] [GET_COMPLETED_TOURNAMENTS] Found 0 completed tournaments for user: 17
[2025-11-24 21:45:22] [INFO] [GET_COMPLETED_TOURNAMENTS] Fetching completed tournaments for user ID: 17
[2025-11-24 21:45:22] [INFO] [GET_COMPLETED_TOURNAMENTS] Found 0 completed tournaments for user: 17
[2025-11-24 21:50:22] [INFO] [GET_COMPLETED_TOURNAMENTS] Fetching completed tournaments for user ID: 17
[2025-11-24 21:50:22] [INFO] [GET_COMPLETED_TOURNAMENTS] Found 0 completed tournaments for user: 17
[2025-11-24 21:55:22] [INFO] [GET_COMPLETED_TOURNAMENTS] Fetching completed tournaments for user ID: 17
[2025-11-24 21:55:22] [INFO] [GET_COMPLETED_TOURNAMENTS] Found 0 completed tournaments for user: 17
[2025-11-24 22:00:22] [INFO] [GET_COMPLETED_TOURNAMENTS] Fetching completed tournaments for user ID: 17
[2025-11-24 22:00:22] [INFO] [GET_COMPLETED_TOURNAMENTS] Found 0 completed tournaments for user: 17
[2025-11-24 22:01:12] [INFO] [GET_TOURNAMENT_RESULTS] Getting results for tournament ID: 107
[2025-11-24 22:01:12] [INFO] [GET_TOURNAMENT_RESULTS] Tournament found: Цветовая дифференциация штанов
[2025-11-24 22:01:12] [INFO] [GET_TOURNAMENT_RESULTS] Using pre-calculated results from tournament_results table
[2025-11-24 22:01:12] [ERROR] [GET_TOURNAMENT_RESULTS] Database error: SQLSTATE[42S22]: Column not found: 1054 Unknown column 'tr.games_played' in 'field list'
[2025-11-24 22:02:18] [INFO] [GET_COMPLETED_TOURNAMENTS] Fetching completed tournaments for user ID: 18
[2025-11-24 22:02:18] [INFO] [GET_COMPLETED_TOURNAMENTS] Found 0 completed tournaments for user: 18
[2025-11-24 22:02:33] [INFO] [GET_COMPLETED_TOURNAMENTS] Fetching completed tournaments for user ID: 18
[2025-11-24 22:02:33] [INFO] [GET_COMPLETED_TOURNAMENTS] Found 0 completed tournaments for user: 18
[2025-11-24 22:07:34] [INFO] [GET_COMPLETED_TOURNAMENTS] Fetching completed tournaments for user ID: 18
[2025-11-24 22:07:34] [INFO] [GET_COMPLETED_TOURNAMENTS] Found 0 completed tournaments for user: 18
[2025-11-24 22:12:34] [INFO] [GET_COMPLETED_TOURNAMENTS] Fetching completed tournaments for user ID: 18
[2025-11-24 22:12:34] [INFO] [GET_COMPLETED_TOURNAMENTS] Found 0 completed tournaments for user: 18
[2025-11-24 22:17:14] [INFO] [GET_COMPLETED_TOURNAMENTS] Fetching completed tournaments for user ID: 18
[2025-11-24 22:17:14] [INFO] [GET_COMPLETED_TOURNAMENTS] Found 0 completed tournaments for user: 18
[2025-11-24 22:22:15] [INFO] [GET_COMPLETED_TOURNAMENTS] Fetching completed tournaments for user ID: 18
[2025-11-24 22:22:15] [INFO] [GET_COMPLETED_TOURNAMENTS] Found 0 completed tournaments for user: 18
[2025-11-24 22:27:15] [INFO] [GET_COMPLETED_TOURNAMENTS] Fetching completed tournaments for user ID: 18
[2025-11-24 22:27:15] [INFO] [GET_COMPLETED_TOURNAMENTS] Found 0 completed tournaments for user: 18
[2025-11-24 22:32:15] [INFO] [GET_COMPLETED_TOURNAMENTS] Fetching completed tournaments for user ID: 18
[2025-11-24 22:32:15] [INFO] [GET_COMPLETED_TOURNAMENTS] Found 0 completed tournaments for user: 18
[2025-11-24 22:37:15] [INFO] [GET_COMPLETED_TOURNAMENTS] Fetching completed tournaments for user ID: 18
[2025-11-24 22:37:15] [INFO] [GET_COMPLETED_TOURNAMENTS] Found 0 completed tournaments for user: 18
[2025-11-24 22:42:15] [INFO] [GET_COMPLETED_TOURNAMENTS] Fetching completed tournaments for user ID: 18
[2025-11-24 22:42:15] [INFO] [GET_COMPLETED_TOURNAMENTS] Found 0 completed tournaments for user: 18
[2025-11-24 22:47:28] [INFO] [GET_COMPLETED_TOURNAMENTS] Fetching completed tournaments for user ID: 18
[2025-11-24 22:47:28] [INFO] [GET_COMPLETED_TOURNAMENTS] Found 0 completed tournaments for user: 18
[2025-11-24 22:52:15] [INFO] [GET_COMPLETED_TOURNAMENTS] Fetching completed tournaments for user ID: 18
[2025-11-24 22:52:15] [INFO] [GET_COMPLETED_TOURNAMENTS] Found 0 completed tournaments for user: 18
[2025-11-24 22:57:28] [INFO] [GET_COMPLETED_TOURNAMENTS] Fetching completed tournaments for user ID: 18
[2025-11-24 22:57:28] [INFO] [GET_COMPLETED_TOURNAMENTS] Found 0 completed tournaments for user: 18
[2025-11-24 23:02:15] [INFO] [GET_COMPLETED_TOURNAMENTS] Fetching completed tournaments for user ID: 18
[2025-11-24 23:02:15] [INFO] [GET_COMPLETED_TOURNAMENTS] Found 0 completed tournaments for user: 18
[2025-11-24 23:07:28] [INFO] [GET_COMPLETED_TOURNAMENTS] Fetching completed tournaments for user ID: 18
[2025-11-24 23:07:28] [INFO] [GET_COMPLETED_TOURNAMENTS] Found 0 completed tournaments for user: 18
[2025-11-24 23:12:15] [INFO] [GET_COMPLETED_TOURNAMENTS] Fetching completed tournaments for user ID: 18
[2025-11-24 23:12:15] [INFO] [GET_COMPLETED_TOURNAMENTS] Found 0 completed tournaments for user: 18
[2025-11-24 23:15:05] [INFO] [GET_COMPLETED_TOURNAMENTS] Fetching completed tournaments for user ID: 18
[2025-11-24 23:15:05] [INFO] [GET_COMPLETED_TOURNAMENTS] Found 0 completed tournaments for user: 18
[2025-11-24 23:20:06] [INFO] [GET_COMPLETED_TOURNAMENTS] Fetching completed tournaments for user ID: 18
[2025-11-24 23:20:06] [INFO] [GET_COMPLETED_TOURNAMENTS] Found 0 completed tournaments for user: 18
[2025-11-24 23:25:06] [INFO] [GET_COMPLETED_TOURNAMENTS] Fetching completed tournaments for user ID: 18
[2025-11-24 23:25:06] [INFO] [GET_COMPLETED_TOURNAMENTS] Found 0 completed tournaments for user: 18
[2025-11-24 23:27:43] [INFO] [GET_COMPLETED_TOURNAMENTS] Fetching completed tournaments for user ID: 14
[2025-11-24 23:27:43] [INFO] [GET_COMPLETED_TOURNAMENTS] Found 2 completed tournaments for user: 14
[2025-11-24 23:27:43] [INFO] [GET_TOURNAMENT_RESULTS] Getting results for tournament ID: 104
[2025-11-24 23:27:43] [INFO] [GET_TOURNAMENT_RESULTS] Tournament found: Долетят только трое
[2025-11-24 23:27:43] [INFO] [GET_TOURNAMENT_RESULTS] Using pre-calculated results from tournament_results table
[2025-11-24 23:27:43] [ERROR] [GET_TOURNAMENT_RESULTS] Database error: SQLSTATE[42S22]: Column not found: 1054 Unknown column 'tr.games_played' in 'field list'
[2025-11-24 23:27:43] [INFO] [GET_TOURNAMENT_RESULTS] Getting results for tournament ID: 103
[2025-11-24 23:27:43] [INFO] [GET_TOURNAMENT_RESULTS] Tournament found: Это Вам не пластиковая каша
[2025-11-24 23:27:43] [INFO] [GET_TOURNAMENT_RESULTS] Using pre-calculated results from tournament_results table
[2025-11-24 23:27:43] [ERROR] [GET_TOURNAMENT_RESULTS] Database error: SQLSTATE[42S22]: Column not found: 1054 Unknown column 'tr.games_played' in 'field list'
[2025-11-24 23:28:39] [INFO] [GET_COMPLETED_TOURNAMENTS] Fetching completed tournaments for user ID: 14
[2025-11-24 23:28:39] [INFO] [GET_COMPLETED_TOURNAMENTS] Found 2 completed tournaments for user: 14
[2025-11-24 23:28:39] [INFO] [GET_TOURNAMENT_RESULTS] Getting results for tournament ID: 104
[2025-11-24 23:28:39] [INFO] [GET_TOURNAMENT_RESULTS] Tournament found: Долетят только трое
[2025-11-24 23:28:39] [INFO] [GET_TOURNAMENT_RESULTS] Using pre-calculated results from tournament_results table
[2025-11-24 23:28:39] [ERROR] [GET_TOURNAMENT_RESULTS] Database error: SQLSTATE[42S22]: Column not found: 1054 Unknown column 'tr.games_played' in 'field list'
[2025-11-24 23:28:39] [INFO] [GET_TOURNAMENT_RESULTS] Getting results for tournament ID: 103
[2025-11-24 23:28:39] [INFO] [GET_TOURNAMENT_RESULTS] Tournament found: Это Вам не пластиковая каша
[2025-11-24 23:28:39] [INFO] [GET_TOURNAMENT_RESULTS] Using pre-calculated results from tournament_results table
[2025-11-24 23:28:39] [ERROR] [GET_TOURNAMENT_RESULTS] Database error: SQLSTATE[42S22]: Column not found: 1054 Unknown column 'tr.games_played' in 'field list'
[2025-11-24 23:33:37] [INFO] [GET_COMPLETED_TOURNAMENTS] Fetching completed tournaments for user ID: 14
[2025-11-24 23:33:37] [INFO] [GET_COMPLETED_TOURNAMENTS] Found 2 completed tournaments for user: 14
[2025-11-24 23:35:25] [INFO] [GET_COMPLETED_TOURNAMENTS] Fetching completed tournaments for user ID: 18
[2025-11-24 23:35:25] [INFO] [GET_COMPLETED_TOURNAMENTS] Found 0 completed tournaments for user: 18
[2025-11-24 23:36:55] [INFO] [GET_COMPLETED_TOURNAMENTS] Fetching completed tournaments for user ID: 14
[2025-11-24 23:36:55] [INFO] [GET_COMPLETED_TOURNAMENTS] Found 2 completed tournaments for user: 14
[2025-11-24 23:41:55] [INFO] [GET_COMPLETED_TOURNAMENTS] Fetching completed tournaments for user ID: 14
[2025-11-24 23:41:55] [INFO] [GET_COMPLETED_TOURNAMENTS] Found 2 completed tournaments for user: 14
[2025-11-24 23:44:29] [INFO] [GET_COMPLETED_TOURNAMENTS] Fetching completed tournaments for user ID: 14
[2025-11-24 23:44:29] [INFO] [GET_COMPLETED_TOURNAMENTS] Found 2 completed tournaments for user: 14
[2025-11-24 23:48:08] [INFO] [GET_COMPLETED_TOURNAMENTS] Fetching completed tournaments for user ID: 14
[2025-11-24 23:48:08] [INFO] [GET_COMPLETED_TOURNAMENTS] Found 2 completed tournaments for user: 14
[2025-11-24 23:49:49] [INFO] [GET_COMPLETED_TOURNAMENTS] Fetching completed tournaments for user ID: 14
[2025-11-24 23:49:49] [INFO] [GET_COMPLETED_TOURNAMENTS] Found 2 completed tournaments for user: 14
[2025-11-24 23:51:55] [INFO] [GET_COMPLETED_TOURNAMENTS] Fetching completed tournaments for user ID: 14
[2025-11-24 23:51:55] [INFO] [GET_COMPLETED_TOURNAMENTS] Found 2 completed tournaments for user: 14
[2025-11-24 23:53:54] [INFO] [GET_COMPLETED_TOURNAMENTS] Fetching completed tournaments for user ID: 14
[2025-11-24 23:53:54] [INFO] [GET_COMPLETED_TOURNAMENTS] Found 2 completed tournaments for user: 14
[2025-11-24 23:56:04] [INFO] [GET_COMPLETED_TOURNAMENTS] Fetching completed tournaments for user ID: 14
[2025-11-24 23:56:04] [INFO] [GET_COMPLETED_TOURNAMENTS] Found 2 completed tournaments for user: 14
[2025-11-25 08:08:22] [INFO] [GET_COMPLETED_TOURNAMENTS] Fetching completed tournaments for user ID: 14
[2025-11-25 08:08:22] [INFO] [GET_COMPLETED_TOURNAMENTS] Found 2 completed tournaments for user: 14
[2025-11-25 08:13:22] [INFO] [GET_COMPLETED_TOURNAMENTS] Fetching completed tournaments for user ID: 14
[2025-11-25 08:13:22] [INFO] [GET_COMPLETED_TOURNAMENTS] Found 2 completed tournaments for user: 14
[2025-11-25 08:18:23] [INFO] [GET_COMPLETED_TOURNAMENTS] Fetching completed tournaments for user ID: 14
[2025-11-25 08:18:23] [INFO] [GET_COMPLETED_TOURNAMENTS] Found 2 completed tournaments for user: 14
[2025-11-25 08:23:22] [INFO] [GET_COMPLETED_TOURNAMENTS] Fetching completed tournaments for user ID: 14
[2025-11-25 08:23:22] [INFO] [GET_COMPLETED_TOURNAMENTS] Found 2 completed tournaments for user: 14
[2025-11-25 08:25:54] [INFO] [GET_COMPLETED_TOURNAMENTS] Fetching completed tournaments for user ID: 14
[2025-11-25 08:25:54] [INFO] [GET_COMPLETED_TOURNAMENTS] Found 2 completed tournaments for user: 14
[2025-11-25 08:30:55] [INFO] [GET_COMPLETED_TOURNAMENTS] Fetching completed tournaments for user ID: 14
[2025-11-25 08:30:55] [INFO] [GET_COMPLETED_TOURNAMENTS] Found 2 completed tournaments for user: 14
[2025-11-25 08:35:54] [INFO] [GET_COMPLETED_TOURNAMENTS] Fetching completed tournaments for user ID: 14
[2025-11-25 08:35:54] [INFO] [GET_COMPLETED_TOURNAMENTS] Found 2 completed tournaments for user: 14
[2025-11-25 08:40:25] [INFO] [GET_COMPLETED_TOURNAMENTS] Fetching completed tournaments for user ID: 14
[2025-11-25 08:40:25] [INFO] [GET_COMPLETED_TOURNAMENTS] Found 2 completed tournaments for user: 14
[2025-11-25 08:45:27] [INFO] [GET_COMPLETED_TOURNAMENTS] Fetching completed tournaments for user ID: 14
[2025-11-25 08:45:27] [INFO] [GET_COMPLETED_TOURNAMENTS] Found 2 completed tournaments for user: 14
[2025-11-25 08:46:42] [INFO] [GET_COMPLETED_TOURNAMENTS] Fetching completed tournaments for user ID: 14
[2025-11-25 08:46:42] [INFO] [GET_COMPLETED_TOURNAMENTS] Found 2 completed tournaments for user: 14
[2025-11-25 08:52:01] [INFO] [GET_COMPLETED_TOURNAMENTS] Fetching completed tournaments for user ID: 14
[2025-11-25 08:52:01] [INFO] [GET_COMPLETED_TOURNAMENTS] Found 2 completed tournaments for user: 14
[2025-11-25 08:57:01] [INFO] [GET_COMPLETED_TOURNAMENTS] Fetching completed tournaments for user ID: 14
[2025-11-25 08:57:01] [INFO] [GET_COMPLETED_TOURNAMENTS] Found 2 completed tournaments for user: 14
[2025-11-25 09:01:00] [INFO] [GET_COMPLETED_TOURNAMENTS] Fetching completed tournaments for user ID: 14
[2025-11-25 09:01:00] [INFO] [GET_COMPLETED_TOURNAMENTS] Found 0 completed tournaments for user: 14
[2025-11-25 09:06:18] [INFO] [GET_COMPLETED_TOURNAMENTS] Fetching completed tournaments for user ID: 14
[2025-11-25 09:06:18] [INFO] [GET_COMPLETED_TOURNAMENTS] Found 0 completed tournaments for user: 14
[2025-11-25 09:08:10] [INFO] [GET_TOURNAMENT_RESULTS] Getting results for tournament ID: 105
[2025-11-25 09:08:10] [INFO] [GET_TOURNAMENT_RESULTS] Tournament found: Дневной забег
[2025-11-25 09:08:10] [INFO] [GET_TOURNAMENT_RESULTS] Using pre-calculated results from tournament_results table
[2025-11-25 09:08:10] [ERROR] [GET_TOURNAMENT_RESULTS] Database error: SQLSTATE[42S22]: Column not found: 1054 Unknown column 'tr.games_played' in 'field list'
[2025-11-25 09:08:10] [INFO] [GET_TOURNAMENT_RESULTS] Getting results for tournament ID: 106
[2025-11-25 09:08:10] [INFO] [GET_TOURNAMENT_RESULTS] Tournament found: А у Вас какая система?
[2025-11-25 09:08:10] [INFO] [GET_TOURNAMENT_RESULTS] Using pre-calculated results from tournament_results table
[2025-11-25 09:08:10] [ERROR] [GET_TOURNAMENT_RESULTS] Database error: SQLSTATE[42S22]: Column not found: 1054 Unknown column 'tr.games_played' in 'field list'
[2025-11-25 09:08:10] [INFO] [GET_TOURNAMENT_RESULTS] Getting results for tournament ID: 107
[2025-11-25 09:08:10] [INFO] [GET_TOURNAMENT_RESULTS] Tournament found: Цветовая дифференциация штанов
[2025-11-25 09:08:10] [INFO] [GET_TOURNAMENT_RESULTS] Using pre-calculated results from tournament_results table
[2025-11-25 09:08:10] [ERROR] [GET_TOURNAMENT_RESULTS] Database error: SQLSTATE[42S22]: Column not found: 1054 Unknown column 'tr.games_played' in 'field list'
[2025-11-25 09:08:10] [INFO] [GET_TOURNAMENT_RESULTS] Getting results for tournament ID: 108
[2025-11-25 09:08:10] [INFO] [GET_TOURNAMENT_RESULTS] Tournament found: Плюкане любят скорость
[2025-11-25 09:08:10] [INFO] [GET_TOURNAMENT_RESULTS] Using pre-calculated results from tournament_results table
[2025-11-25 09:08:10] [ERROR] [GET_TOURNAMENT_RESULTS] Database error: SQLSTATE[42S22]: Column not found: 1054 Unknown column 'tr.games_played' in 'field list'
[2025-11-25 09:08:10] [INFO] [GET_TOURNAMENT_RESULTS] Getting results for tournament ID: 109
[2025-11-25 09:08:10] [INFO] [GET_TOURNAMENT_RESULTS] Tournament found: Пацак и ночью работает
[2025-11-25 09:08:10] [INFO] [GET_TOURNAMENT_RESULTS] Using pre-calculated results from tournament_results table
[2025-11-25 09:08:10] [ERROR] [GET_TOURNAMENT_RESULTS] Database error: SQLSTATE[42S22]: Column not found: 1054 Unknown column 'tr.games_played' in 'field list'
[2025-11-25 09:08:10] [INFO] [GET_TOURNAMENT_RESULTS] Getting results for tournament ID: 110
[2025-11-25 09:08:10] [INFO] [GET_TOURNAMENT_RESULTS] Tournament found: КУ, Чатланин!
[2025-11-25 09:08:10] [INFO] [GET_TOURNAMENT_RESULTS] Using pre-calculated results from tournament_results table
[2025-11-25 09:08:10] [ERROR] [GET_TOURNAMENT_RESULTS] Database error: SQLSTATE[42S22]: Column not found: 1054 Unknown column 'tr.games_played' in 'field list'
[2025-11-25 09:08:10] [INFO] [GET_TOURNAMENT_RESULTS] Getting results for tournament ID: 111
[2025-11-25 09:08:10] [INFO] [GET_TOURNAMENT_RESULTS] Tournament found: Доброе утро, Плюк
[2025-11-25 09:08:10] [INFO] [GET_TOURNAMENT_RESULTS] Using pre-calculated results from tournament_results table
[2025-11-25 09:08:10] [ERROR] [GET_TOURNAMENT_RESULTS] Database error: SQLSTATE[42S22]: Column not found: 1054 Unknown column 'tr.games_played' in 'field list'
[2025-11-25 09:08:10] [INFO] [GET_TOURNAMENT_RESULTS] Getting results for tournament ID: 112
[2025-11-25 09:08:10] [INFO] [GET_TOURNAMENT_RESULTS] Tournament found: Затяни цапу
[2025-11-25 09:08:10] [INFO] [GET_TOURNAMENT_RESULTS] Using pre-calculated results from tournament_results table
[2025-11-25 09:08:10] [ERROR] [GET_TOURNAMENT_RESULTS] Database error: SQLSTATE[42S22]: Column not found: 1054 Unknown column 'tr.games_played' in 'field list'
[2025-11-25 09:08:58] [INFO] [GET_COMPLETED_TOURNAMENTS] Fetching completed tournaments for user ID: 14
[2025-11-25 09:08:58] [INFO] [GET_COMPLETED_TOURNAMENTS] Found 0 completed tournaments for user: 14
[2025-11-25 09:10:11] [INFO] [GET_COMPLETED_TOURNAMENTS] Fetching completed tournaments for user ID: 65
[2025-11-25 09:10:11] [INFO] [GET_COMPLETED_TOURNAMENTS] Found 0 completed tournaments for user: 65
[2025-11-25 09:12:02] [INFO] [GET_TOURNAMENT_RESULTS] Getting results for tournament ID: 105
[2025-11-25 09:12:02] [INFO] [GET_TOURNAMENT_RESULTS] Tournament found: Дневной забег
[2025-11-25 09:12:02] [INFO] [GET_TOURNAMENT_RESULTS] Using pre-calculated results from tournament_results table
[2025-11-25 09:12:02] [ERROR] [GET_TOURNAMENT_RESULTS] Database error: SQLSTATE[42S22]: Column not found: 1054 Unknown column 'tr.games_played' in 'field list'
[2025-11-25 09:12:02] [INFO] [GET_TOURNAMENT_RESULTS] Getting results for tournament ID: 106
[2025-11-25 09:12:02] [INFO] [GET_TOURNAMENT_RESULTS] Tournament found: А у Вас какая система?
[2025-11-25 09:12:02] [INFO] [GET_TOURNAMENT_RESULTS] Using pre-calculated results from tournament_results table
[2025-11-25 09:12:02] [ERROR] [GET_TOURNAMENT_RESULTS] Database error: SQLSTATE[42S22]: Column not found: 1054 Unknown column 'tr.games_played' in 'field list'
[2025-11-25 09:12:02] [INFO] [GET_TOURNAMENT_RESULTS] Getting results for tournament ID: 107
[2025-11-25 09:12:02] [INFO] [GET_TOURNAMENT_RESULTS] Tournament found: Цветовая дифференциация штанов
[2025-11-25 09:12:02] [INFO] [GET_TOURNAMENT_RESULTS] Using pre-calculated results from tournament_results table
[2025-11-25 09:12:02] [ERROR] [GET_TOURNAMENT_RESULTS] Database error: SQLSTATE[42S22]: Column not found: 1054 Unknown column 'tr.games_played' in 'field list'
[2025-11-25 09:12:02] [INFO] [GET_TOURNAMENT_RESULTS] Getting results for tournament ID: 108
[2025-11-25 09:12:02] [INFO] [GET_TOURNAMENT_RESULTS] Tournament found: Плюкане любят скорость
[2025-11-25 09:12:02] [INFO] [GET_TOURNAMENT_RESULTS] Using pre-calculated results from tournament_results table
[2025-11-25 09:12:02] [ERROR] [GET_TOURNAMENT_RESULTS] Database error: SQLSTATE[42S22]: Column not found: 1054 Unknown column 'tr.games_played' in 'field list'
[2025-11-25 09:12:02] [INFO] [GET_TOURNAMENT_RESULTS] Getting results for tournament ID: 109
[2025-11-25 09:12:02] [INFO] [GET_TOURNAMENT_RESULTS] Tournament found: Пацак и ночью работает
[2025-11-25 09:12:02] [INFO] [GET_TOURNAMENT_RESULTS] Using pre-calculated results from tournament_results table
[2025-11-25 09:12:02] [ERROR] [GET_TOURNAMENT_RESULTS] Database error: SQLSTATE[42S22]: Column not found: 1054 Unknown column 'tr.games_played' in 'field list'
[2025-11-25 09:12:02] [INFO] [GET_TOURNAMENT_RESULTS] Getting results for tournament ID: 110
[2025-11-25 09:12:02] [INFO] [GET_TOURNAMENT_RESULTS] Tournament found: КУ, Чатланин!
[2025-11-25 09:12:02] [INFO] [GET_TOURNAMENT_RESULTS] Using pre-calculated results from tournament_results table
[2025-11-25 09:12:02] [ERROR] [GET_TOURNAMENT_RESULTS] Database error: SQLSTATE[42S22]: Column not found: 1054 Unknown column 'tr.games_played' in 'field list'
[2025-11-25 09:12:02] [INFO] [GET_TOURNAMENT_RESULTS] Getting results for tournament ID: 111
[2025-11-25 09:12:02] [INFO] [GET_TOURNAMENT_RESULTS] Tournament found: Доброе утро, Плюк
[2025-11-25 09:12:02] [INFO] [GET_TOURNAMENT_RESULTS] Using pre-calculated results from tournament_results table
[2025-11-25 09:12:02] [ERROR] [GET_TOURNAMENT_RESULTS] Database error: SQLSTATE[42S22]: Column not found: 1054 Unknown column 'tr.games_played' in 'field list'
[2025-11-25 09:12:02] [INFO] [GET_TOURNAMENT_RESULTS] Getting results for tournament ID: 112
[2025-11-25 09:12:02] [INFO] [GET_TOURNAMENT_RESULTS] Tournament found: Затяни цапу
[2025-11-25 09:12:02] [INFO] [GET_TOURNAMENT_RESULTS] Using pre-calculated results from tournament_results table
[2025-11-25 09:12:02] [ERROR] [GET_TOURNAMENT_RESULTS] Database error: SQLSTATE[42S22]: Column not found: 1054 Unknown column 'tr.games_played' in 'field list'
[2025-11-25 09:14:53] [INFO] [GET_COMPLETED_TOURNAMENTS] Fetching completed tournaments for user ID: 65
[2025-11-25 09:14:53] [INFO] [GET_COMPLETED_TOURNAMENTS] Found 0 completed tournaments for user: 65
[2025-11-25 09:15:47] [INFO] [GET_COMPLETED_TOURNAMENTS] Fetching completed tournaments for user ID: 17
[2025-11-25 09:15:47] [INFO] [GET_COMPLETED_TOURNAMENTS] Found 0 completed tournaments for user: 17
[2025-11-25 09:16:57] [INFO] [GET_COMPLETED_TOURNAMENTS] Fetching completed tournaments for user ID: 18
[2025-11-25 09:16:57] [INFO] [GET_COMPLETED_TOURNAMENTS] Found 0 completed tournaments for user: 18
[2025-11-25 09:18:48] [INFO] [GET_TOURNAMENT_RESULTS] Getting results for tournament ID: 105
[2025-11-25 09:18:48] [INFO] [GET_TOURNAMENT_RESULTS] Tournament found: Дневной забег
[2025-11-25 09:18:48] [INFO] [GET_TOURNAMENT_RESULTS] Using pre-calculated results from tournament_results table
[2025-11-25 09:18:48] [ERROR] [GET_TOURNAMENT_RESULTS] Database error: SQLSTATE[42S22]: Column not found: 1054 Unknown column 'tr.games_played' in 'field list'
[2025-11-25 09:18:48] [INFO] [GET_TOURNAMENT_RESULTS] Getting results for tournament ID: 106
[2025-11-25 09:18:48] [INFO] [GET_TOURNAMENT_RESULTS] Tournament found: А у Вас какая система?
[2025-11-25 09:18:48] [INFO] [GET_TOURNAMENT_RESULTS] Using pre-calculated results from tournament_results table
[2025-11-25 09:18:48] [ERROR] [GET_TOURNAMENT_RESULTS] Database error: SQLSTATE[42S22]: Column not found: 1054 Unknown column 'tr.games_played' in 'field list'
[2025-11-25 09:18:48] [INFO] [GET_TOURNAMENT_RESULTS] Getting results for tournament ID: 107
[2025-11-25 09:18:48] [INFO] [GET_TOURNAMENT_RESULTS] Tournament found: Цветовая дифференциация штанов
[2025-11-25 09:18:48] [INFO] [GET_TOURNAMENT_RESULTS] Using pre-calculated results from tournament_results table
[2025-11-25 09:18:48] [ERROR] [GET_TOURNAMENT_RESULTS] Database error: SQLSTATE[42S22]: Column not found: 1054 Unknown column 'tr.games_played' in 'field list'
[2025-11-25 09:18:48] [INFO] [GET_TOURNAMENT_RESULTS] Getting results for tournament ID: 108
[2025-11-25 09:18:48] [INFO] [GET_TOURNAMENT_RESULTS] Tournament found: Плюкане любят скорость
[2025-11-25 09:18:48] [INFO] [GET_TOURNAMENT_RESULTS] Using pre-calculated results from tournament_results table
[2025-11-25 09:18:48] [ERROR] [GET_TOURNAMENT_RESULTS] Database error: SQLSTATE[42S22]: Column not found: 1054 Unknown column 'tr.games_played' in 'field list'
[2025-11-25 09:18:48] [INFO] [GET_TOURNAMENT_RESULTS] Getting results for tournament ID: 109
[2025-11-25 09:18:48] [INFO] [GET_TOURNAMENT_RESULTS] Tournament found: Пацак и ночью работает
[2025-11-25 09:18:48] [INFO] [GET_TOURNAMENT_RESULTS] Using pre-calculated results from tournament_results table
[2025-11-25 09:18:48] [ERROR] [GET_TOURNAMENT_RESULTS] Database error: SQLSTATE[42S22]: Column not found: 1054 Unknown column 'tr.games_played' in 'field list'
[2025-11-25 09:18:48] [INFO] [GET_TOURNAMENT_RESULTS] Getting results for tournament ID: 110
[2025-11-25 09:18:48] [INFO] [GET_TOURNAMENT_RESULTS] Tournament found: КУ, Чатланин!
[2025-11-25 09:18:48] [INFO] [GET_TOURNAMENT_RESULTS] Using pre-calculated results from tournament_results table
[2025-11-25 09:18:48] [ERROR] [GET_TOURNAMENT_RESULTS] Database error: SQLSTATE[42S22]: Column not found: 1054 Unknown column 'tr.games_played' in 'field list'
[2025-11-25 09:18:48] [INFO] [GET_TOURNAMENT_RESULTS] Getting results for tournament ID: 111
[2025-11-25 09:18:48] [INFO] [GET_TOURNAMENT_RESULTS] Tournament found: Доброе утро, Плюк
[2025-11-25 09:18:48] [INFO] [GET_TOURNAMENT_RESULTS] Using pre-calculated results from tournament_results table
[2025-11-25 09:18:48] [ERROR] [GET_TOURNAMENT_RESULTS] Database error: SQLSTATE[42S22]: Column not found: 1054 Unknown column 'tr.games_played' in 'field list'
[2025-11-25 09:18:48] [INFO] [GET_TOURNAMENT_RESULTS] Getting results for tournament ID: 112
[2025-11-25 09:18:48] [INFO] [GET_TOURNAMENT_RESULTS] Tournament found: Затяни цапу
[2025-11-25 09:18:48] [INFO] [GET_TOURNAMENT_RESULTS] Using pre-calculated results from tournament_results table
[2025-11-25 09:18:48] [ERROR] [GET_TOURNAMENT_RESULTS] Database error: SQLSTATE[42S22]: Column not found: 1054 Unknown column 'tr.games_played' in 'field list'
[2025-11-25 09:20:59] [INFO] [GET_COMPLETED_TOURNAMENTS] Fetching completed tournaments for user ID: 18
[2025-11-25 09:20:59] [INFO] [GET_COMPLETED_TOURNAMENTS] Found 0 completed tournaments for user: 18
[2025-11-25 09:22:15] [INFO] [GET_COMPLETED_TOURNAMENTS] Fetching completed tournaments for user ID: 65
[2025-11-25 09:22:15] [INFO] [GET_COMPLETED_TOURNAMENTS] Found 0 completed tournaments for user: 65
[2025-11-25 09:27:16] [INFO] [GET_COMPLETED_TOURNAMENTS] Fetching completed tournaments for user ID: 65
[2025-11-25 09:27:16] [INFO] [GET_COMPLETED_TOURNAMENTS] Found 0 completed tournaments for user: 65
[2025-11-25 09:32:16] [INFO] [GET_COMPLETED_TOURNAMENTS] Fetching completed tournaments for user ID: 65
[2025-11-25 09:32:16] [INFO] [GET_COMPLETED_TOURNAMENTS] Found 0 completed tournaments for user: 65
[2025-11-25 09:37:47] [INFO] [GET_COMPLETED_TOURNAMENTS] Fetching completed tournaments for user ID: 65
[2025-11-25 09:37:47] [INFO] [GET_COMPLETED_TOURNAMENTS] Found 0 completed tournaments for user: 65
[2025-11-25 09:39:29] [INFO] [GET_COMPLETED_TOURNAMENTS] Fetching completed tournaments for user ID: 17
[2025-11-25 09:39:29] [INFO] [GET_COMPLETED_TOURNAMENTS] Found 0 completed tournaments for user: 17
[2025-11-25 09:40:08] [INFO] [GET_COMPLETED_TOURNAMENTS] Fetching completed tournaments for user ID: 18
[2025-11-25 09:40:08] [INFO] [GET_COMPLETED_TOURNAMENTS] Found 0 completed tournaments for user: 18
[2025-11-25 09:45:08] [INFO] [GET_COMPLETED_TOURNAMENTS] Fetching completed tournaments for user ID: 18
[2025-11-25 09:45:08] [INFO] [GET_COMPLETED_TOURNAMENTS] Found 0 completed tournaments for user: 18
[2025-11-25 09:50:03] [INFO] [GET_COMPLETED_TOURNAMENTS] Fetching completed tournaments for user ID: 18
[2025-11-25 09:50:03] [INFO] [GET_COMPLETED_TOURNAMENTS] Found 0 completed tournaments for user: 18
[2025-11-25 09:52:16] [INFO] [GET_COMPLETED_TOURNAMENTS] Fetching completed tournaments for user ID: 65
[2025-11-25 09:52:16] [INFO] [GET_COMPLETED_TOURNAMENTS] Found 0 completed tournaments for user: 65
[2025-11-25 09:52:47] [INFO] [GET_COMPLETED_TOURNAMENTS] Fetching completed tournaments for user ID: 65
[2025-11-25 09:52:47] [INFO] [GET_COMPLETED_TOURNAMENTS] Found 0 completed tournaments for user: 65
[2025-11-25 09:57:47] [INFO] [GET_COMPLETED_TOURNAMENTS] Fetching completed tournaments for user ID: 65
[2025-11-25 09:57:47] [INFO] [GET_COMPLETED_TOURNAMENTS] Found 0 completed tournaments for user: 65
[2025-11-25 10:00:38] [INFO] [GET_TOURNAMENT_RESULTS] Getting results for tournament ID: 113
[2025-11-25 10:00:38] [INFO] [GET_TOURNAMENT_RESULTS] Tournament found: Луц колонка
[2025-11-25 10:00:38] [INFO] [GET_TOURNAMENT_RESULTS] Using pre-calculated results from tournament_results table
[2025-11-25 10:00:38] [ERROR] [GET_TOURNAMENT_RESULTS] Database error: SQLSTATE[42S22]: Column not found: 1054 Unknown column 'tr.games_played' in 'field list'
[2025-11-25 10:01:35] [INFO] [GET_COMPLETED_TOURNAMENTS] Fetching completed tournaments for user ID: 65
[2025-11-25 10:01:35] [INFO] [GET_COMPLETED_TOURNAMENTS] Found 0 completed tournaments for user: 65
[2025-11-25 10:06:35] [INFO] [GET_COMPLETED_TOURNAMENTS] Fetching completed tournaments for user ID: 65
[2025-11-25 10:06:35] [INFO] [GET_COMPLETED_TOURNAMENTS] Found 0 completed tournaments for user: 65
[2025-11-25 10:06:48] [INFO] [GET_COMPLETED_TOURNAMENTS] Fetching completed tournaments for user ID: 65
[2025-11-25 10:06:48] [INFO] [GET_COMPLETED_TOURNAMENTS] Found 0 completed tournaments for user: 65
[2025-11-25 10:09:43] [INFO] [GET_COMPLETED_TOURNAMENTS] Fetching completed tournaments for user ID: 65
[2025-11-25 10:09:43] [INFO] [GET_COMPLETED_TOURNAMENTS] Found 0 completed tournaments for user: 65
[2025-11-25 10:14:43] [INFO] [GET_COMPLETED_TOURNAMENTS] Fetching completed tournaments for user ID: 65
[2025-11-25 10:14:43] [INFO] [GET_COMPLETED_TOURNAMENTS] Found 0 completed tournaments for user: 65
[2025-11-25 10:19:44] [INFO] [GET_COMPLETED_TOURNAMENTS] Fetching completed tournaments for user ID: 65
[2025-11-25 10:19:44] [INFO] [GET_COMPLETED_TOURNAMENTS] Found 0 completed tournaments for user: 65
[2025-11-25 10:23:01] [INFO] [GET_COMPLETED_TOURNAMENTS] Fetching completed tournaments for user ID: 65
[2025-11-25 10:23:01] [INFO] [GET_COMPLETED_TOURNAMENTS] Found 0 completed tournaments for user: 65
[2025-11-25 10:24:14] [INFO] [GET_COMPLETED_TOURNAMENTS] Fetching completed tournaments for user ID: 17
[2025-11-25 10:24:14] [INFO] [GET_COMPLETED_TOURNAMENTS] Found 0 completed tournaments for user: 17
[2025-11-25 10:29:14] [INFO] [GET_COMPLETED_TOURNAMENTS] Fetching completed tournaments for user ID: 17
[2025-11-25 10:29:14] [INFO] [GET_COMPLETED_TOURNAMENTS] Found 0 completed tournaments for user: 17
[2025-11-25 10:33:16] [INFO] [GET_COMPLETED_TOURNAMENTS] Fetching completed tournaments for user ID: 17
[2025-11-25 10:33:16] [INFO] [GET_COMPLETED_TOURNAMENTS] Found 0 completed tournaments for user: 17
[2025-11-25 10:34:24] [INFO] [GET_COMPLETED_TOURNAMENTS] Fetching completed tournaments for user ID: 18
[2025-11-25 10:34:24] [INFO] [GET_COMPLETED_TOURNAMENTS] Found 0 completed tournaments for user: 18
[2025-11-25 10:39:24] [INFO] [GET_COMPLETED_TOURNAMENTS] Fetching completed tournaments for user ID: 18
[2025-11-25 10:39:24] [INFO] [GET_COMPLETED_TOURNAMENTS] Found 0 completed tournaments for user: 18
[2025-11-25 10:42:16] [INFO] [GET_COMPLETED_TOURNAMENTS] Fetching completed tournaments for user ID: 18
[2025-11-25 10:42:16] [INFO] [GET_COMPLETED_TOURNAMENTS] Found 0 completed tournaments for user: 18
[2025-11-25 10:43:16] [INFO] [GET_COMPLETED_TOURNAMENTS] Fetching completed tournaments for user ID: 14
[2025-11-25 10:43:16] [INFO] [GET_COMPLETED_TOURNAMENTS] Found 0 completed tournaments for user: 14
[2025-11-25 10:48:16] [INFO] [GET_COMPLETED_TOURNAMENTS] Fetching completed tournaments for user ID: 14
[2025-11-25 10:48:16] [INFO] [GET_COMPLETED_TOURNAMENTS] Found 0 completed tournaments for user: 14
[2025-11-25 10:53:17] [INFO] [GET_COMPLETED_TOURNAMENTS] Fetching completed tournaments for user ID: 14
[2025-11-25 10:53:17] [INFO] [GET_COMPLETED_TOURNAMENTS] Found 0 completed tournaments for user: 14
[2025-11-25 10:57:23] [INFO] [GET_COMPLETED_TOURNAMENTS] Fetching completed tournaments for user ID: 14
[2025-11-25 10:57:23] [INFO] [GET_COMPLETED_TOURNAMENTS] Found 0 completed tournaments for user: 14
[2025-11-25 10:58:20] [INFO] [GET_COMPLETED_TOURNAMENTS] Fetching completed tournaments for user ID: 65
[2025-11-25 10:58:20] [INFO] [GET_COMPLETED_TOURNAMENTS] Found 0 completed tournaments for user: 65
[2025-11-25 11:03:20] [INFO] [GET_COMPLETED_TOURNAMENTS] Fetching completed tournaments for user ID: 65
[2025-11-25 11:03:20] [INFO] [GET_COMPLETED_TOURNAMENTS] Found 0 completed tournaments for user: 65
[2025-11-25 11:05:36] [INFO] [GET_COMPLETED_TOURNAMENTS] Fetching completed tournaments for user ID: 65
[2025-11-25 11:05:36] [INFO] [GET_COMPLETED_TOURNAMENTS] Found 0 completed tournaments for user: 65
[2025-11-25 11:07:51] [INFO] [GET_COMPLETED_TOURNAMENTS] Fetching completed tournaments for user ID: 17
[2025-11-25 11:07:51] [INFO] [GET_COMPLETED_TOURNAMENTS] Found 0 completed tournaments for user: 17
[2025-11-25 11:12:51] [INFO] [GET_COMPLETED_TOURNAMENTS] Fetching completed tournaments for user ID: 17
[2025-11-25 11:12:51] [INFO] [GET_COMPLETED_TOURNAMENTS] Found 0 completed tournaments for user: 17
[2025-11-25 11:18:08] [INFO] [GET_COMPLETED_TOURNAMENTS] Fetching completed tournaments for user ID: 17
[2025-11-25 11:18:08] [INFO] [GET_COMPLETED_TOURNAMENTS] Found 0 completed tournaments for user: 17
[2025-11-25 11:18:29] [INFO] [GET_COMPLETED_TOURNAMENTS] Fetching completed tournaments for user ID: 65
[2025-11-25 11:18:29] [INFO] [GET_COMPLETED_TOURNAMENTS] Found 0 completed tournaments for user: 65
[2025-11-25 11:23:11] [INFO] [GET_COMPLETED_TOURNAMENTS] Fetching completed tournaments for user ID: 65
[2025-11-25 11:23:11] [INFO] [GET_COMPLETED_TOURNAMENTS] Found 0 completed tournaments for user: 65
[2025-11-25 11:28:11] [INFO] [GET_COMPLETED_TOURNAMENTS] Fetching completed tournaments for user ID: 65
[2025-11-25 11:28:11] [INFO] [GET_COMPLETED_TOURNAMENTS] Found 0 completed tournaments for user: 65
[2025-11-25 11:33:12] [INFO] [GET_COMPLETED_TOURNAMENTS] Fetching completed tournaments for user ID: 65
[2025-11-25 11:33:12] [INFO] [GET_COMPLETED_TOURNAMENTS] Found 0 completed tournaments for user: 65
[2025-11-25 11:36:31] [INFO] [GET_COMPLETED_TOURNAMENTS] Fetching completed tournaments for user ID: 65
[2025-11-25 11:36:31] [INFO] [GET_COMPLETED_TOURNAMENTS] Found 0 completed tournaments for user: 65
[2025-11-25 11:37:10] [INFO] [GET_COMPLETED_TOURNAMENTS] Fetching completed tournaments for user ID: 14
[2025-11-25 11:37:10] [INFO] [GET_COMPLETED_TOURNAMENTS] Found 0 completed tournaments for user: 14
[2025-11-25 11:42:10] [INFO] [GET_COMPLETED_TOURNAMENTS] Fetching completed tournaments for user ID: 14
[2025-11-25 11:42:10] [INFO] [GET_COMPLETED_TOURNAMENTS] Found 0 completed tournaments for user: 14
[2025-11-25 11:43:20] [INFO] [GET_COMPLETED_TOURNAMENTS] Fetching completed tournaments for user ID: 14
[2025-11-25 11:43:20] [INFO] [GET_COMPLETED_TOURNAMENTS] Found 0 completed tournaments for user: 14
[2025-11-25 11:46:16] [INFO] [GET_COMPLETED_TOURNAMENTS] Fetching completed tournaments for user ID: 65
[2025-11-25 11:46:16] [INFO] [GET_COMPLETED_TOURNAMENTS] Found 0 completed tournaments for user: 65
[2025-11-25 11:51:16] [INFO] [GET_COMPLETED_TOURNAMENTS] Fetching completed tournaments for user ID: 65
[2025-11-25 11:51:16] [INFO] [GET_COMPLETED_TOURNAMENTS] Found 0 completed tournaments for user: 65
[2025-11-25 11:56:16] [INFO] [GET_COMPLETED_TOURNAMENTS] Fetching completed tournaments for user ID: 65
[2025-11-25 11:56:16] [INFO] [GET_COMPLETED_TOURNAMENTS] Found 0 completed tournaments for user: 65
[2025-11-25 12:00:06] [INFO] [GET_TOURNAMENT_RESULTS] Getting results for tournament ID: 114
[2025-11-25 12:00:06] [INFO] [GET_TOURNAMENT_RESULTS] Tournament found: Заправляемся чатлами
[2025-11-25 12:00:06] [INFO] [GET_TOURNAMENT_RESULTS] Using pre-calculated results from tournament_results table
[2025-11-25 12:00:06] [ERROR] [GET_TOURNAMENT_RESULTS] Database error: SQLSTATE[42S22]: Column not found: 1054 Unknown column 'tr.games_played' in 'field list'
[2025-11-25 12:01:16] [INFO] [GET_COMPLETED_TOURNAMENTS] Fetching completed tournaments for user ID: 65
[2025-11-25 12:01:16] [INFO] [GET_COMPLETED_TOURNAMENTS] Found 0 completed tournaments for user: 65
[2025-11-25 12:02:29] [INFO] [GET_COMPLETED_TOURNAMENTS] Fetching completed tournaments for user ID: 65
[2025-11-25 12:02:29] [INFO] [GET_COMPLETED_TOURNAMENTS] Found 0 completed tournaments for user: 65
[2025-11-25 12:02:43] [INFO] [GET_COMPLETED_TOURNAMENTS] Fetching completed tournaments for user ID: 65
[2025-11-25 12:02:43] [INFO] [GET_COMPLETED_TOURNAMENTS] Found 0 completed tournaments for user: 65
[2025-11-25 12:03:00] [INFO] [GET_COMPLETED_TOURNAMENTS] Fetching completed tournaments for user ID: 65
[2025-11-25 12:03:00] [INFO] [GET_COMPLETED_TOURNAMENTS] Found 0 completed tournaments for user: 65
[2025-11-25 12:03:15] [INFO] [GET_COMPLETED_TOURNAMENTS] Fetching completed tournaments for user ID: 65
[2025-11-25 12:03:15] [INFO] [GET_COMPLETED_TOURNAMENTS] Found 0 completed tournaments for user: 65
[2025-11-25 12:04:05] [INFO] [GET_COMPLETED_TOURNAMENTS] Fetching completed tournaments for user ID: 65
[2025-11-25 12:04:05] [INFO] [GET_COMPLETED_TOURNAMENTS] Found 0 completed tournaments for user: 65
[2025-11-25 12:07:10] [INFO] [GET_COMPLETED_TOURNAMENTS] Fetching completed tournaments for user ID: 65
[2025-11-25 12:07:10] [INFO] [GET_COMPLETED_TOURNAMENTS] Found 0 completed tournaments for user: 65
[2025-11-25 12:07:49] [INFO] [GET_COMPLETED_TOURNAMENTS] Fetching completed tournaments for user ID: 65
[2025-11-25 12:07:49] [INFO] [GET_COMPLETED_TOURNAMENTS] Found 0 completed tournaments for user: 65
[2025-11-25 12:09:47] [INFO] [GET_COMPLETED_TOURNAMENTS] Fetching completed tournaments for user ID: 14
[2025-11-25 12:09:47] [INFO] [GET_COMPLETED_TOURNAMENTS] Found 0 completed tournaments for user: 14
[2025-11-25 12:11:06] [INFO] [GET_COMPLETED_TOURNAMENTS] Fetching completed tournaments for user ID: 14
[2025-11-25 12:11:06] [INFO] [GET_COMPLETED_TOURNAMENTS] Found 0 completed tournaments for user: 14
[2025-11-25 12:14:16] [INFO] [GET_COMPLETED_TOURNAMENTS] Fetching completed tournaments for user ID: 14
[2025-11-25 12:14:16] [INFO] [GET_COMPLETED_TOURNAMENTS] Found 0 completed tournaments for user: 14
[2025-11-25 12:14:42] [INFO] [GET_COMPLETED_TOURNAMENTS] Fetching completed tournaments for user ID: 14
[2025-11-25 12:14:42] [INFO] [GET_COMPLETED_TOURNAMENTS] Found 0 completed tournaments for user: 14
[2025-11-25 12:17:29] [INFO] [GET_COMPLETED_TOURNAMENTS] Fetching completed tournaments for user ID: 14
[2025-11-25 12:17:30] [INFO] [GET_COMPLETED_TOURNAMENTS] Found 0 completed tournaments for user: 14
[2025-11-25 12:17:59] [INFO] [GET_COMPLETED_TOURNAMENTS] Fetching completed tournaments for user ID: 14
[2025-11-25 12:17:59] [INFO] [GET_COMPLETED_TOURNAMENTS] Found 0 completed tournaments for user: 14
[2025-11-25 12:22:59] [INFO] [GET_COMPLETED_TOURNAMENTS] Fetching completed tournaments for user ID: 14
[2025-11-25 12:22:59] [INFO] [GET_COMPLETED_TOURNAMENTS] Found 0 completed tournaments for user: 14
[2025-11-25 12:27:27] [INFO] [GET_COMPLETED_TOURNAMENTS] Fetching completed tournaments for user ID: 14
[2025-11-25 12:27:27] [INFO] [GET_COMPLETED_TOURNAMENTS] Found 0 completed tournaments for user: 14
[2025-11-25 12:28:09] [INFO] [GET_COMPLETED_TOURNAMENTS] Fetching completed tournaments for user ID: 14
[2025-11-25 12:28:09] [INFO] [GET_COMPLETED_TOURNAMENTS] Found 0 completed tournaments for user: 14
[2025-11-25 12:29:55] [INFO] [GET_COMPLETED_TOURNAMENTS] Fetching completed tournaments for user ID: 14
[2025-11-25 12:29:55] [INFO] [GET_COMPLETED_TOURNAMENTS] Found 0 completed tournaments for user: 14
[2025-11-25 12:30:47] [INFO] [GET_COMPLETED_TOURNAMENTS] Fetching completed tournaments for user ID: 14
[2025-11-25 12:30:47] [INFO] [GET_COMPLETED_TOURNAMENTS] Found 0 completed tournaments for user: 14
[2025-11-25 12:33:01] [INFO] [GET_COMPLETED_TOURNAMENTS] Fetching completed tournaments for user ID: 14
[2025-11-25 12:33:01] [INFO] [GET_COMPLETED_TOURNAMENTS] Found 0 completed tournaments for user: 14
[2025-11-25 12:33:52] [INFO] [GET_COMPLETED_TOURNAMENTS] Fetching completed tournaments for user ID: 14
[2025-11-25 12:33:52] [INFO] [GET_COMPLETED_TOURNAMENTS] Found 0 completed tournaments for user: 14
[2025-11-25 12:35:37] [INFO] [GET_COMPLETED_TOURNAMENTS] Fetching completed tournaments for user ID: 17
[2025-11-25 12:35:37] [INFO] [GET_COMPLETED_TOURNAMENTS] Found 0 completed tournaments for user: 17
[2025-11-25 12:35:50] [INFO] [GET_COMPLETED_TOURNAMENTS] Fetching completed tournaments for user ID: 17
[2025-11-25 12:35:50] [INFO] [GET_COMPLETED_TOURNAMENTS] Found 0 completed tournaments for user: 17
[2025-11-25 12:39:17] [INFO] [GET_COMPLETED_TOURNAMENTS] Fetching completed tournaments for user ID: 17
[2025-11-25 12:39:17] [INFO] [GET_COMPLETED_TOURNAMENTS] Found 0 completed tournaments for user: 17
[2025-11-25 12:39:55] [INFO] [GET_COMPLETED_TOURNAMENTS] Fetching completed tournaments for user ID: 14
[2025-11-25 12:39:55] [INFO] [GET_COMPLETED_TOURNAMENTS] Found 0 completed tournaments for user: 14
[2025-11-25 12:40:18] [INFO] [GET_COMPLETED_TOURNAMENTS] Fetching completed tournaments for user ID: 14
[2025-11-25 12:40:18] [INFO] [GET_COMPLETED_TOURNAMENTS] Found 0 completed tournaments for user: 14
[2025-11-25 12:45:18] [INFO] [GET_COMPLETED_TOURNAMENTS] Fetching completed tournaments for user ID: 14
[2025-11-25 12:45:18] [INFO] [GET_COMPLETED_TOURNAMENTS] Found 0 completed tournaments for user: 14
[2025-11-25 12:50:18] [INFO] [GET_COMPLETED_TOURNAMENTS] Fetching completed tournaments for user ID: 14
[2025-11-25 12:50:18] [INFO] [GET_COMPLETED_TOURNAMENTS] Found 0 completed tournaments for user: 14
[2025-11-25 12:55:18] [INFO] [GET_COMPLETED_TOURNAMENTS] Fetching completed tournaments for user ID: 14
[2025-11-25 12:55:18] [INFO] [GET_COMPLETED_TOURNAMENTS] Found 0 completed tournaments for user: 14
[2025-11-25 13:00:18] [INFO] [GET_COMPLETED_TOURNAMENTS] Fetching completed tournaments for user ID: 14
[2025-11-25 13:00:18] [INFO] [GET_COMPLETED_TOURNAMENTS] Found 0 completed tournaments for user: 14
[2025-11-25 13:05:18] [INFO] [GET_COMPLETED_TOURNAMENTS] Fetching completed tournaments for user ID: 14
[2025-11-25 13:05:18] [INFO] [GET_COMPLETED_TOURNAMENTS] Found 0 completed tournaments for user: 14
[2025-11-25 13:10:21] [INFO] [GET_COMPLETED_TOURNAMENTS] Fetching completed tournaments for user ID: 14
[2025-11-25 13:10:21] [INFO] [GET_COMPLETED_TOURNAMENTS] Found 0 completed tournaments for user: 14
[2025-11-25 13:15:21] [INFO] [GET_COMPLETED_TOURNAMENTS] Fetching completed tournaments for user ID: 14
[2025-11-25 13:15:21] [INFO] [GET_COMPLETED_TOURNAMENTS] Found 0 completed tournaments for user: 14
[2025-11-25 13:20:21] [INFO] [GET_COMPLETED_TOURNAMENTS] Fetching completed tournaments for user ID: 14
[2025-11-25 13:20:21] [INFO] [GET_COMPLETED_TOURNAMENTS] Found 0 completed tournaments for user: 14
[2025-11-25 13:25:21] [INFO] [GET_COMPLETED_TOURNAMENTS] Fetching completed tournaments for user ID: 14
[2025-11-25 13:25:21] [INFO] [GET_COMPLETED_TOURNAMENTS] Found 0 completed tournaments for user: 14
[2025-11-25 13:30:21] [INFO] [GET_COMPLETED_TOURNAMENTS] Fetching completed tournaments for user ID: 14
[2025-11-25 13:30:21] [INFO] [GET_COMPLETED_TOURNAMENTS] Found 0 completed tournaments for user: 14
[2025-11-25 13:35:21] [INFO] [GET_COMPLETED_TOURNAMENTS] Fetching completed tournaments for user ID: 14
[2025-11-25 13:35:21] [INFO] [GET_COMPLETED_TOURNAMENTS] Found 0 completed tournaments for user: 14
[2025-11-25 13:40:21] [INFO] [GET_COMPLETED_TOURNAMENTS] Fetching completed tournaments for user ID: 14
[2025-11-25 13:40:21] [INFO] [GET_COMPLETED_TOURNAMENTS] Found 0 completed tournaments for user: 14
[2025-11-25 13:41:29] [INFO] [GET_COMPLETED_TOURNAMENTS] Fetching completed tournaments for user ID: 14
[2025-11-25 13:41:29] [INFO] [GET_COMPLETED_TOURNAMENTS] Found 0 completed tournaments for user: 14
[2025-11-25 13:41:54] [INFO] [GET_COMPLETED_TOURNAMENTS] Fetching completed tournaments for user ID: 14
[2025-11-25 13:41:54] [INFO] [GET_COMPLETED_TOURNAMENTS] Found 0 completed tournaments for user: 14
[2025-11-25 13:42:15] [INFO] [GET_COMPLETED_TOURNAMENTS] Fetching completed tournaments for user ID: 14
[2025-11-25 13:42:15] [INFO] [GET_COMPLETED_TOURNAMENTS] Found 0 completed tournaments for user: 14
[2025-11-25 13:42:37] [INFO] [GET_COMPLETED_TOURNAMENTS] Fetching completed tournaments for user ID: 14
[2025-11-25 13:42:37] [INFO] [GET_COMPLETED_TOURNAMENTS] Found 0 completed tournaments for user: 14
[2025-11-25 13:47:38] [INFO] [GET_COMPLETED_TOURNAMENTS] Fetching completed tournaments for user ID: 14
[2025-11-25 13:47:38] [INFO] [GET_COMPLETED_TOURNAMENTS] Found 0 completed tournaments for user: 14
[2025-11-25 13:50:51] [INFO] [GET_COMPLETED_TOURNAMENTS] Fetching completed tournaments for user ID: 14
[2025-11-25 13:50:51] [INFO] [GET_COMPLETED_TOURNAMENTS] Found 0 completed tournaments for user: 14
[2025-11-25 13:51:17] [INFO] [GET_COMPLETED_TOURNAMENTS] Fetching completed tournaments for user ID: 14
[2025-11-25 13:51:17] [INFO] [GET_COMPLETED_TOURNAMENTS] Found 0 completed tournaments for user: 14
[2025-11-25 13:51:41] [INFO] [GET_COMPLETED_TOURNAMENTS] Fetching completed tournaments for user ID: 14
[2025-11-25 13:51:41] [INFO] [GET_COMPLETED_TOURNAMENTS] Found 0 completed tournaments for user: 14
[2025-11-25 13:51:59] [INFO] [GET_COMPLETED_TOURNAMENTS] Fetching completed tournaments for user ID: 14
[2025-11-25 13:51:59] [INFO] [GET_COMPLETED_TOURNAMENTS] Found 0 completed tournaments for user: 14
[2025-11-25 13:52:34] [INFO] [GET_COMPLETED_TOURNAMENTS] Fetching completed tournaments for user ID: 65
[2025-11-25 13:52:34] [INFO] [GET_COMPLETED_TOURNAMENTS] Found 0 completed tournaments for user: 65
[2025-11-25 13:57:35] [INFO] [GET_COMPLETED_TOURNAMENTS] Fetching completed tournaments for user ID: 65
[2025-11-25 13:57:35] [INFO] [GET_COMPLETED_TOURNAMENTS] Found 0 completed tournaments for user: 65
[2025-11-25 14:02:35] [INFO] [GET_COMPLETED_TOURNAMENTS] Fetching completed tournaments for user ID: 65
[2025-11-25 14:02:35] [INFO] [GET_COMPLETED_TOURNAMENTS] Found 0 completed tournaments for user: 65
[2025-11-25 14:04:47] [INFO] [GET_COMPLETED_TOURNAMENTS] Fetching completed tournaments for user ID: 65
[2025-11-25 14:04:47] [INFO] [GET_COMPLETED_TOURNAMENTS] Found 0 completed tournaments for user: 65
[2025-11-25 14:05:15] [INFO] [GET_COMPLETED_TOURNAMENTS] Fetching completed tournaments for user ID: 65
[2025-11-25 14:05:15] [INFO] [GET_COMPLETED_TOURNAMENTS] Found 0 completed tournaments for user: 65
[2025-11-25 14:05:31] [INFO] [GET_COMPLETED_TOURNAMENTS] Fetching completed tournaments for user ID: 65
[2025-11-25 14:05:31] [INFO] [GET_COMPLETED_TOURNAMENTS] Found 0 completed tournaments for user: 65
[2025-11-25 14:07:29] [INFO] [GET_COMPLETED_TOURNAMENTS] Fetching completed tournaments for user ID: 17
[2025-11-25 14:07:29] [INFO] [GET_COMPLETED_TOURNAMENTS] Found 0 completed tournaments for user: 17
[2025-11-25 14:08:14] [INFO] [GET_COMPLETED_TOURNAMENTS] Fetching completed tournaments for user ID: 17
[2025-11-25 14:08:14] [INFO] [GET_COMPLETED_TOURNAMENTS] Found 0 completed tournaments for user: 17
[2025-11-25 14:13:15] [INFO] [GET_COMPLETED_TOURNAMENTS] Fetching completed tournaments for user ID: 17
[2025-11-25 14:13:15] [INFO] [GET_COMPLETED_TOURNAMENTS] Found 0 completed tournaments for user: 17
[2025-11-25 14:18:15] [INFO] [GET_COMPLETED_TOURNAMENTS] Fetching completed tournaments for user ID: 17
[2025-11-25 14:18:15] [INFO] [GET_COMPLETED_TOURNAMENTS] Found 0 completed tournaments for user: 17
[2025-11-25 14:23:15] [INFO] [GET_COMPLETED_TOURNAMENTS] Fetching completed tournaments for user ID: 17
[2025-11-25 14:23:15] [INFO] [GET_COMPLETED_TOURNAMENTS] Found 0 completed tournaments for user: 17
[2025-11-25 14:28:15] [INFO] [GET_COMPLETED_TOURNAMENTS] Fetching completed tournaments for user ID: 17
[2025-11-25 14:28:15] [INFO] [GET_COMPLETED_TOURNAMENTS] Found 0 completed tournaments for user: 17
[2025-11-25 14:33:15] [INFO] [GET_COMPLETED_TOURNAMENTS] Fetching completed tournaments for user ID: 17
[2025-11-25 14:33:15] [INFO] [GET_COMPLETED_TOURNAMENTS] Found 0 completed tournaments for user: 17
[2025-11-25 14:38:21] [INFO] [GET_COMPLETED_TOURNAMENTS] Fetching completed tournaments for user ID: 17
[2025-11-25 14:38:21] [INFO] [GET_COMPLETED_TOURNAMENTS] Found 0 completed tournaments for user: 17
[2025-11-25 14:43:21] [INFO] [GET_COMPLETED_TOURNAMENTS] Fetching completed tournaments for user ID: 17
[2025-11-25 14:43:21] [INFO] [GET_COMPLETED_TOURNAMENTS] Found 0 completed tournaments for user: 17
[2025-11-25 14:48:21] [INFO] [GET_COMPLETED_TOURNAMENTS] Fetching completed tournaments for user ID: 17
[2025-11-25 14:48:21] [INFO] [GET_COMPLETED_TOURNAMENTS] Found 0 completed tournaments for user: 17
[2025-11-25 14:53:21] [INFO] [GET_COMPLETED_TOURNAMENTS] Fetching completed tournaments for user ID: 17
[2025-11-25 14:53:21] [INFO] [GET_COMPLETED_TOURNAMENTS] Found 0 completed tournaments for user: 17
