[2025-11-21 19:58:36] 🎯 AUTO: Starting automatic tournament creation
[2025-11-21 19:58:36] ✅ Created tournament: Пацак и ночью работает at 2025-11-22 00:00:00
[2025-11-21 19:58:36] ✅ Created tournament: КУ, Чатланин! at 2025-11-22 02:00:00
[2025-11-21 19:58:36] ✅ Created tournament: Доброе утро, Плюк at 2025-11-22 04:00:00
[2025-11-21 19:58:36] ✅ Created tournament: Затяни цапу at 2025-11-22 06:00:00
[2025-11-21 19:58:36] ✅ Created tournament: Луц колонка at 2025-11-22 08:00:00
[2025-11-21 19:58:36] ✅ Created tournament: Заправляемся чатлами at 2025-11-22 10:00:00
[2025-11-21 19:58:36] ✅ Created tournament: Это Вам не пластиковая каша at 2025-11-22 12:00:00
[2025-11-21 19:58:36] ✅ Created tournament: Долетят только трое at 2025-11-22 14:00:00
[2025-11-21 19:58:36] ✅ Created tournament: Дневной забег at 2025-11-22 16:00:00
[2025-11-21 19:58:36] ✅ Created tournament: А у Вас какая система? at 2025-11-22 18:00:00
[2025-11-21 19:58:36] ✅ Created tournament: Цветовая дифференциация штанов at 2025-11-22 20:00:00
[2025-11-21 19:58:36] ✅ Created tournament: Плюкане любят скорость at 2025-11-22 22:00:00
[2025-11-21 19:58:36] ✅ Created 12 tournaments for tomorrow
[2025-11-21 19:58:36] 🗑️  Cleaned up 0 old tournaments
[2025-11-21 19:58:36] 🎯 AUTO: Tournament creation completed
[2025-11-21 20:08:23] 🎯 AUTO: Starting automatic tournament creation
[2025-11-21 20:08:23] ✅ Created tournament: -Пацак и ночью работает- at 2025-11-22 00:00:00
[2025-11-21 20:08:23] ℹ️ Tournament 'КУ, Чатланин!' already exists for 2025-11-22
[2025-11-21 20:08:23] ℹ️ Tournament 'Доброе утро, Плюк' already exists for 2025-11-22
[2025-11-21 20:08:23] ℹ️ Tournament 'Затяни цапу' already exists for 2025-11-22
[2025-11-21 20:08:23] ℹ️ Tournament 'Луц колонка' already exists for 2025-11-22
[2025-11-21 20:08:23] ℹ️ Tournament 'Заправляемся чатлами' already exists for 2025-11-22
[2025-11-21 20:08:23] ℹ️ Tournament 'Это Вам не пластиковая каша' already exists for 2025-11-22
[2025-11-21 20:08:23] ℹ️ Tournament 'Долетят только трое' already exists for 2025-11-22
[2025-11-21 20:08:23] ℹ️ Tournament 'Дневной забег' already exists for 2025-11-22
[2025-11-21 20:08:23] ℹ️ Tournament 'А у Вас какая система?' already exists for 2025-11-22
[2025-11-21 20:08:23] ℹ️ Tournament 'Цветовая дифференциация штанов' already exists for 2025-11-22
[2025-11-21 20:08:23] ℹ️ Tournament 'Плюкане любят скорость' already exists for 2025-11-22
[2025-11-21 20:08:23] ✅ Created 1 tournaments for tomorrow
[2025-11-21 20:08:23] 🗑️  Cleaned up 0 old tournaments
[2025-11-21 20:08:23] 🎯 AUTO: Tournament creation completed
[2025-11-21 20:08:24] 🎯 AUTO: Starting automatic tournament creation
[2025-11-21 20:08:24] ℹ️ Tournament '-Пацак и ночью работает-' already exists for 2025-11-22
[2025-11-21 20:08:24] ℹ️ Tournament 'КУ, Чатланин!' already exists for 2025-11-22
[2025-11-21 20:08:24] ℹ️ Tournament 'Доброе утро, Плюк' already exists for 2025-11-22
[2025-11-21 20:08:24] ℹ️ Tournament 'Затяни цапу' already exists for 2025-11-22
[2025-11-21 20:08:24] ℹ️ Tournament 'Луц колонка' already exists for 2025-11-22
[2025-11-21 20:08:24] ℹ️ Tournament 'Заправляемся чатлами' already exists for 2025-11-22
[2025-11-21 20:08:24] ℹ️ Tournament 'Это Вам не пластиковая каша' already exists for 2025-11-22
[2025-11-21 20:08:24] ℹ️ Tournament 'Долетят только трое' already exists for 2025-11-22
[2025-11-21 20:08:24] ℹ️ Tournament 'Дневной забег' already exists for 2025-11-22
[2025-11-21 20:08:24] ℹ️ Tournament 'А у Вас какая система?' already exists for 2025-11-22
[2025-11-21 20:08:24] ℹ️ Tournament 'Цветовая дифференциация штанов' already exists for 2025-11-22
[2025-11-21 20:08:24] ℹ️ Tournament 'Плюкане любят скорость' already exists for 2025-11-22
[2025-11-21 20:08:24] ✅ Created 0 tournaments for tomorrow
[2025-11-21 20:08:24] 🗑️  Cleaned up 0 old tournaments
[2025-11-21 20:08:24] 🎯 AUTO: Tournament creation completed
[2025-11-21 20:11:45] 🎯 AUTO: Starting automatic tournament creation
[2025-11-21 20:11:45] ✅ Created tournament: Пацак и ночью работает at 2025-11-22 00:00:00
[2025-11-21 20:11:45] ℹ️ Tournament 'КУ, Чатланин!' already exists for 2025-11-22
[2025-11-21 20:11:45] ℹ️ Tournament 'Доброе утро, Плюк' already exists for 2025-11-22
[2025-11-21 20:11:45] ℹ️ Tournament 'Затяни цапу' already exists for 2025-11-22
[2025-11-21 20:11:45] ℹ️ Tournament 'Луц колонка' already exists for 2025-11-22
[2025-11-21 20:11:45] ℹ️ Tournament 'Заправляемся чатлами' already exists for 2025-11-22
[2025-11-21 20:11:45] ℹ️ Tournament 'Это Вам не пластиковая каша' already exists for 2025-11-22
[2025-11-21 20:11:45] ℹ️ Tournament 'Долетят только трое' already exists for 2025-11-22
[2025-11-21 20:11:45] ℹ️ Tournament 'Дневной забег' already exists for 2025-11-22
[2025-11-21 20:11:45] ℹ️ Tournament 'А у Вас какая система?' already exists for 2025-11-22
[2025-11-21 20:11:45] ℹ️ Tournament 'Цветовая дифференциация штанов' already exists for 2025-11-22
[2025-11-21 20:11:45] ℹ️ Tournament 'Плюкане любят скорость' already exists for 2025-11-22
[2025-11-21 20:11:45] ✅ Created 1 tournaments for tomorrow
[2025-11-21 20:11:45] 🗑️  Cleaned up 0 old tournaments
[2025-11-21 20:11:45] 🎯 AUTO: Tournament creation completed
[2025-11-21 20:13:41] 🎯 AUTO: Starting automatic tournament creation
[2025-11-21 20:13:41] ℹ️ Tournament 'Пацак и ночью работает' already exists for 2025-11-22
[2025-11-21 20:13:41] ℹ️ Tournament 'КУ, Чатланин!' already exists for 2025-11-22
[2025-11-21 20:13:41] ℹ️ Tournament 'Доброе утро, Плюк' already exists for 2025-11-22
[2025-11-21 20:13:41] ℹ️ Tournament 'Затяни цапу' already exists for 2025-11-22
[2025-11-21 20:13:41] ℹ️ Tournament 'Луц колонка' already exists for 2025-11-22
[2025-11-21 20:13:41] ℹ️ Tournament 'Заправляемся чатлами' already exists for 2025-11-22
[2025-11-21 20:13:41] ℹ️ Tournament 'Это Вам не пластиковая каша' already exists for 2025-11-22
[2025-11-21 20:13:41] ℹ️ Tournament 'Долетят только трое' already exists for 2025-11-22
[2025-11-21 20:13:41] ℹ️ Tournament 'Дневной забег' already exists for 2025-11-22
[2025-11-21 20:13:41] ℹ️ Tournament 'А у Вас какая система?' already exists for 2025-11-22
[2025-11-21 20:13:41] ℹ️ Tournament 'Цветовая дифференциация штанов' already exists for 2025-11-22
[2025-11-21 20:13:41] ℹ️ Tournament 'Плюкане любят скорость' already exists for 2025-11-22
[2025-11-21 20:13:41] ✅ Created 0 tournaments for tomorrow
[2025-11-21 20:13:41] 🗑️  Cleaned up 0 old tournaments
[2025-11-21 20:13:41] 🎯 AUTO: Tournament creation completed
[2025-11-22 00:00:02] 🎯 AUTO: Starting automatic tournament creation
[2025-11-22 00:00:02] ✅ Created tournament: Пацак и ночью работает at 2025-11-23 00:00:00
[2025-11-22 00:00:02] ✅ Created tournament: КУ, Чатланин! at 2025-11-23 02:00:00
[2025-11-22 00:00:02] ✅ Created tournament: Доброе утро, Плюк at 2025-11-23 04:00:00
[2025-11-22 00:00:02] ✅ Created tournament: Затяни цапу at 2025-11-23 06:00:00
[2025-11-22 00:00:02] ✅ Created tournament: Луц колонка at 2025-11-23 08:00:00
[2025-11-22 00:00:02] ✅ Created tournament: Заправляемся чатлами at 2025-11-23 10:00:00
[2025-11-22 00:00:02] ✅ Created tournament: Это Вам не пластиковая каша at 2025-11-23 12:00:00
[2025-11-22 00:00:02] ✅ Created tournament: Долетят только трое at 2025-11-23 14:00:00
[2025-11-22 00:00:02] ✅ Created tournament: Дневной забег at 2025-11-23 16:00:00
[2025-11-22 00:00:02] ✅ Created tournament: А у Вас какая система? at 2025-11-23 18:00:00
[2025-11-22 00:00:02] ✅ Created tournament: Цветовая дифференциация штанов at 2025-11-23 20:00:00
[2025-11-22 00:00:02] ✅ Created tournament: Плюкане любят скорость at 2025-11-23 22:00:00
[2025-11-22 00:00:02] ✅ Created 12 tournaments for tomorrow
[2025-11-22 00:00:02] 🗑️  Cleaned up 0 old tournaments
[2025-11-22 00:00:02] 🎯 AUTO: Tournament creation completed
[2025-11-23 00:00:01] 🎯 AUTO: Starting automatic tournament creation
[2025-11-23 00:00:01] ✅ Created tournament: Пацак и ночью работает at 2025-11-24 00:00:00
[2025-11-23 00:00:01] ✅ Created tournament: КУ, Чатланин! at 2025-11-24 02:00:00
[2025-11-23 00:00:01] ✅ Created tournament: Доброе утро, Плюк at 2025-11-24 04:00:00
[2025-11-23 00:00:01] ✅ Created tournament: Затяни цапу at 2025-11-24 06:00:00
[2025-11-23 00:00:01] ✅ Created tournament: Луц колонка at 2025-11-24 08:00:00
[2025-11-23 00:00:01] ✅ Created tournament: Заправляемся чатлами at 2025-11-24 10:00:00
[2025-11-23 00:00:01] ✅ Created tournament: Это Вам не пластиковая каша at 2025-11-24 12:00:00
[2025-11-23 00:00:01] ✅ Created tournament: Долетят только трое at 2025-11-24 14:00:00
[2025-11-23 00:00:01] ✅ Created tournament: Дневной забег at 2025-11-24 16:00:00
[2025-11-23 00:00:01] ✅ Created tournament: А у Вас какая система? at 2025-11-24 18:00:00
[2025-11-23 00:00:01] ✅ Created tournament: Цветовая дифференциация штанов at 2025-11-24 20:00:00
[2025-11-23 00:00:01] ✅ Created tournament: Плюкане любят скорость at 2025-11-24 22:00:00
[2025-11-23 00:00:01] ✅ Created 12 tournaments for tomorrow
[2025-11-23 00:00:01] 🗑️  Cleaned up 0 old tournaments
[2025-11-23 00:00:01] 🎯 AUTO: Tournament creation completed
[2025-11-24 00:00:01] 🎯 AUTO: Starting automatic tournament creation
[2025-11-24 00:00:01] ✅ Created tournament: Пацак и ночью работает at 2025-11-25 00:00:00
[2025-11-24 00:00:01] ✅ Created tournament: КУ, Чатланин! at 2025-11-25 02:00:00
[2025-11-24 00:00:01] ✅ Created tournament: Доброе утро, Плюк at 2025-11-25 04:00:00
[2025-11-24 00:00:01] ✅ Created tournament: Затяни цапу at 2025-11-25 06:00:00
[2025-11-24 00:00:01] ✅ Created tournament: Луц колонка at 2025-11-25 08:00:00
[2025-11-24 00:00:01] ✅ Created tournament: Заправляемся чатлами at 2025-11-25 10:00:00
[2025-11-24 00:00:01] ✅ Created tournament: Это Вам не пластиковая каша at 2025-11-25 12:00:00
[2025-11-24 00:00:01] ✅ Created tournament: Долетят только трое at 2025-11-25 14:00:00
[2025-11-24 00:00:01] ✅ Created tournament: Дневной забег at 2025-11-25 16:00:00
[2025-11-24 00:00:01] ✅ Created tournament: А у Вас какая система? at 2025-11-25 18:00:00
[2025-11-24 00:00:01] ✅ Created tournament: Цветовая дифференциация штанов at 2025-11-25 20:00:00
[2025-11-24 00:00:01] ✅ Created tournament: Плюкане любят скорость at 2025-11-25 22:00:00
[2025-11-24 00:00:01] ✅ Created 12 tournaments for tomorrow
[2025-11-24 00:00:01] 🗑️  Cleaned up 0 old tournaments
[2025-11-24 00:00:01] 🎯 AUTO: Tournament creation completed
[2025-11-26 00:00:01] 🎯 AUTO: Starting automatic tournament creation
[2025-11-26 00:00:01] ✅ Created tournament: Пацак и ночью работает at 2025-11-27 00:00:00
[2025-11-26 00:00:01] ✅ Created tournament: КУ, Чатланин! at 2025-11-27 02:00:00
[2025-11-26 00:00:01] ✅ Created tournament: Доброе утро, Плюк at 2025-11-27 04:00:00
[2025-11-26 00:00:01] ✅ Created tournament: Затяни цапу at 2025-11-27 06:00:00
[2025-11-26 00:00:01] ✅ Created tournament: Луц колонка at 2025-11-27 08:00:00
[2025-11-26 00:00:01] ✅ Created tournament: Заправляемся чатлами at 2025-11-27 10:00:00
[2025-11-26 00:00:01] ✅ Created tournament: Это Вам не пластиковая каша at 2025-11-27 12:00:00
[2025-11-26 00:00:01] ✅ Created tournament: Долетят только трое at 2025-11-27 14:00:00
[2025-11-26 00:00:01] ✅ Created tournament: Дневной забег at 2025-11-27 16:00:00
[2025-11-26 00:00:01] ✅ Created tournament: А у Вас какая система? at 2025-11-27 18:00:00
[2025-11-26 00:00:01] ✅ Created tournament: Цветовая дифференциация штанов at 2025-11-27 20:00:00
[2025-11-26 00:00:01] ✅ Created tournament: Плюкане любят скорость at 2025-11-27 22:00:00
[2025-11-26 00:00:01] ✅ Created 12 tournaments for tomorrow
[2025-11-26 00:00:01] 🗑️  Cleaned up 0 old tournaments
[2025-11-26 00:00:01] 🎯 AUTO: Tournament creation completed
[2025-11-27 00:00:01] 🎯 AUTO: Starting automatic tournament creation
[2025-11-27 00:00:01] ✅ Created tournament: Пацак и ночью работает at 2025-11-28 00:00:00
[2025-11-27 00:00:01] ✅ Created tournament: КУ, Чатланин! at 2025-11-28 02:00:00
[2025-11-27 00:00:01] ✅ Created tournament: Доброе утро, Плюк at 2025-11-28 04:00:00
[2025-11-27 00:00:01] ✅ Created tournament: Затяни цапу at 2025-11-28 06:00:00
[2025-11-27 00:00:01] ✅ Created tournament: Луц колонка at 2025-11-28 08:00:00
[2025-11-27 00:00:01] ✅ Created tournament: Заправляемся чатлами at 2025-11-28 10:00:00
[2025-11-27 00:00:01] ✅ Created tournament: Это Вам не пластиковая каша at 2025-11-28 12:00:00
[2025-11-27 00:00:01] ✅ Created tournament: Долетят только трое at 2025-11-28 14:00:00
[2025-11-27 00:00:01] ✅ Created tournament: Дневной забег at 2025-11-28 16:00:00
[2025-11-27 00:00:01] ✅ Created tournament: А у Вас какая система? at 2025-11-28 18:00:00
[2025-11-27 00:00:01] ✅ Created tournament: Цветовая дифференциация штанов at 2025-11-28 20:00:00
[2025-11-27 00:00:01] ✅ Created tournament: Плюкане любят скорость at 2025-11-28 22:00:00
[2025-11-27 00:00:01] ✅ Created 12 tournaments for tomorrow
[2025-11-27 00:00:01] 🗑️  Cleaned up 0 old tournaments
[2025-11-27 00:00:01] 🎯 AUTO: Tournament creation completed
[2025-11-28 00:00:01] 🎯 AUTO: Starting automatic tournament creation
[2025-11-28 00:00:01] ✅ Created tournament: Пацак и ночью работает at 2025-11-29 00:00:00
[2025-11-28 00:00:01] ✅ Created tournament: КУ, Чатланин! at 2025-11-29 02:00:00
[2025-11-28 00:00:01] ✅ Created tournament: Доброе утро, Плюк at 2025-11-29 04:00:00
[2025-11-28 00:00:01] ✅ Created tournament: Затяни цапу at 2025-11-29 06:00:00
[2025-11-28 00:00:01] ✅ Created tournament: Луц колонка at 2025-11-29 08:00:00
[2025-11-28 00:00:01] ✅ Created tournament: Заправляемся чатлами at 2025-11-29 10:00:00
[2025-11-28 00:00:01] ✅ Created tournament: Это Вам не пластиковая каша at 2025-11-29 12:00:00
[2025-11-28 00:00:01] ✅ Created tournament: Долетят только трое at 2025-11-29 14:00:00
[2025-11-28 00:00:01] ✅ Created tournament: Дневной забег at 2025-11-29 16:00:00
[2025-11-28 00:00:01] ✅ Created tournament: А у Вас какая система? at 2025-11-29 18:00:00
[2025-11-28 00:00:01] ✅ Created tournament: Цветовая дифференциация штанов at 2025-11-29 20:00:00
[2025-11-28 00:00:01] ✅ Created tournament: Плюкане любят скорость at 2025-11-29 22:00:00
[2025-11-28 00:00:01] ✅ Created 12 tournaments for tomorrow
[2025-11-28 00:00:01] 🗑️  Cleaned up 0 old tournaments
[2025-11-28 00:00:01] 🎯 AUTO: Tournament creation completed
[2025-11-29 00:00:01] 🎯 AUTO: Starting automatic tournament creation
[2025-11-29 00:00:01] ✅ Created tournament: Пацак и ночью работает at 2025-11-30 00:00:00
[2025-11-29 00:00:01] ✅ Created tournament: КУ, Чатланин! at 2025-11-30 02:00:00
[2025-11-29 00:00:01] ✅ Created tournament: Доброе утро, Плюк at 2025-11-30 04:00:00
[2025-11-29 00:00:01] ✅ Created tournament: Затяни цапу at 2025-11-30 06:00:00
[2025-11-29 00:00:01] ✅ Created tournament: Луц колонка at 2025-11-30 08:00:00
[2025-11-29 00:00:01] ✅ Created tournament: Заправляемся чатлами at 2025-11-30 10:00:00
[2025-11-29 00:00:01] ✅ Created tournament: Это Вам не пластиковая каша at 2025-11-30 12:00:00
[2025-11-29 00:00:01] ✅ Created tournament: Долетят только трое at 2025-11-30 14:00:00
[2025-11-29 00:00:01] ✅ Created tournament: Дневной забег at 2025-11-30 16:00:00
[2025-11-29 00:00:01] ✅ Created tournament: А у Вас какая система? at 2025-11-30 18:00:00
[2025-11-29 00:00:01] ✅ Created tournament: Цветовая дифференциация штанов at 2025-11-30 20:00:00
[2025-11-29 00:00:01] ✅ Created tournament: Плюкане любят скорость at 2025-11-30 22:00:00
[2025-11-29 00:00:01] ✅ Created 12 tournaments for tomorrow
[2025-11-29 00:00:01] 🗑️  Cleaned up 0 old tournaments
[2025-11-29 00:00:01] 🎯 AUTO: Tournament creation completed
[2025-11-30 00:00:01] 🎯 AUTO: Starting automatic tournament creation
[2025-11-30 00:00:01] ✅ Created tournament: Пацак и ночью работает at 2025-12-01 00:00:00
[2025-11-30 00:00:01] ✅ Created tournament: КУ, Чатланин! at 2025-12-01 02:00:00
[2025-11-30 00:00:01] ✅ Created tournament: Доброе утро, Плюк at 2025-12-01 04:00:00
[2025-11-30 00:00:01] ✅ Created tournament: Затяни цапу at 2025-12-01 06:00:00
[2025-11-30 00:00:01] ✅ Created tournament: Луц колонка at 2025-12-01 08:00:00
[2025-11-30 00:00:01] ✅ Created tournament: Заправляемся чатлами at 2025-12-01 10:00:00
[2025-11-30 00:00:01] ✅ Created tournament: Это Вам не пластиковая каша at 2025-12-01 12:00:00
[2025-11-30 00:00:01] ✅ Created tournament: Долетят только трое at 2025-12-01 14:00:00
[2025-11-30 00:00:01] ✅ Created tournament: Дневной забег at 2025-12-01 16:00:00
[2025-11-30 00:00:01] ✅ Created tournament: А у Вас какая система? at 2025-12-01 18:00:00
[2025-11-30 00:00:01] ✅ Created tournament: Цветовая дифференциация штанов at 2025-12-01 20:00:00
[2025-11-30 00:00:01] ✅ Created tournament: Плюкане любят скорость at 2025-12-01 22:00:00
[2025-11-30 00:00:01] ✅ Created 12 tournaments for tomorrow
[2025-11-30 00:00:01] 🗑️  Cleaned up 0 old tournaments
[2025-11-30 00:00:01] 🎯 AUTO: Tournament creation completed
[2025-12-01 00:00:01] 🎯 AUTO: Starting automatic tournament creation
[2025-12-01 00:00:01] ✅ Created tournament: Пацак и ночью работает at 2025-12-02 00:00:00
[2025-12-01 00:00:01] ✅ Created tournament: КУ, Чатланин! at 2025-12-02 02:00:00
[2025-12-01 00:00:01] ✅ Created tournament: Доброе утро, Плюк at 2025-12-02 04:00:00
[2025-12-01 00:00:01] ✅ Created tournament: Затяни цапу at 2025-12-02 06:00:00
[2025-12-01 00:00:01] ✅ Created tournament: Луц колонка at 2025-12-02 08:00:00
[2025-12-01 00:00:01] ✅ Created tournament: Заправляемся чатлами at 2025-12-02 10:00:00
[2025-12-01 00:00:01] ✅ Created tournament: Это Вам не пластиковая каша at 2025-12-02 12:00:00
[2025-12-01 00:00:01] ✅ Created tournament: Долетят только трое at 2025-12-02 14:00:00
[2025-12-01 00:00:01] ✅ Created tournament: Дневной забег at 2025-12-02 16:00:00
[2025-12-01 00:00:01] ✅ Created tournament: А у Вас какая система? at 2025-12-02 18:00:00
[2025-12-01 00:00:01] ✅ Created tournament: Цветовая дифференциация штанов at 2025-12-02 20:00:00
[2025-12-01 00:00:01] ✅ Created tournament: Плюкане любят скорость at 2025-12-02 22:00:00
[2025-12-01 00:00:01] ✅ Created 12 tournaments for tomorrow
[2025-12-01 00:00:01] 🗑️  Cleaned up 0 old tournaments
[2025-12-01 00:00:01] 🎯 AUTO: Tournament creation completed
[2025-12-02 00:00:01] 🎯 AUTO: Starting automatic tournament creation
[2025-12-02 00:00:01] ✅ Created tournament: Пацак и ночью работает at 2025-12-03 00:00:00
[2025-12-02 00:00:01] ✅ Created tournament: КУ, Чатланин! at 2025-12-03 02:00:00
[2025-12-02 00:00:01] ✅ Created tournament: Доброе утро, Плюк at 2025-12-03 04:00:00
[2025-12-02 00:00:01] ✅ Created tournament: Затяни цапу at 2025-12-03 06:00:00
[2025-12-02 00:00:01] ✅ Created tournament: Луц колонка at 2025-12-03 08:00:00
[2025-12-02 00:00:01] ✅ Created tournament: Заправляемся чатлами at 2025-12-03 10:00:00
[2025-12-02 00:00:01] ✅ Created tournament: Это Вам не пластиковая каша at 2025-12-03 12:00:00
[2025-12-02 00:00:01] ✅ Created tournament: Долетят только трое at 2025-12-03 14:00:00
[2025-12-02 00:00:01] ✅ Created tournament: Дневной забег at 2025-12-03 16:00:00
[2025-12-02 00:00:01] ✅ Created tournament: А у Вас какая система? at 2025-12-03 18:00:00
[2025-12-02 00:00:01] ✅ Created tournament: Цветовая дифференциация штанов at 2025-12-03 20:00:00
[2025-12-02 00:00:01] ✅ Created tournament: Плюкане любят скорость at 2025-12-03 22:00:00
[2025-12-02 00:00:01] ✅ Created 12 tournaments for tomorrow
[2025-12-02 00:00:01] 🗑️  Cleaned up 0 old tournaments
[2025-12-02 00:00:01] 🎯 AUTO: Tournament creation completed
